{"error":{},"level":"error","message":"Failed to create wallet","timestamp":"2026-01-30T10:23:36.551Z","userId":"bfb8af09-878b-451b-b68a-fb176e519b12"}
{"error":{},"level":"error","message":"Failed to create wallet","timestamp":"2026-01-30T10:24:21.688Z","userId":"bfb8af09-878b-451b-b68a-fb176e519b12"}
{"error":{},"level":"error","message":"Failed to create wallet","timestamp":"2026-01-30T10:25:07.474Z","userId":"bfb8af09-878b-451b-b68a-fb176e519b12"}
{"error":{},"level":"error","message":"Failed to create wallet","timestamp":"2026-01-30T10:25:21.071Z","userId":"bfb8af09-878b-451b-b68a-fb176e519b12"}
{"error":{},"level":"error","message":"Failed to create wallet","timestamp":"2026-01-30T10:25:40.177Z","userId":"bfb8af09-878b-451b-b68a-fb176e519b12"}
{"error":{},"level":"error","message":"Failed to create wallet","timestamp":"2026-01-30T10:26:29.210Z","userId":"bfb8af09-878b-451b-b68a-fb176e519b12"}
{"address":"GD275XUQFID3TPHVUQSKU3OJXIB5TI3KJOAFWIDSQN3LBLU6EOZMHH7T","error":{},"level":"error","message":"Failed to connect external wallet","timestamp":"2026-01-30T14:52:54.351Z","userId":"af5e6de2-fce8-4828-99d1-80a15877a98b"}
{"address":"GD275XUQFID3TPHVUQSKU3OJXIB5TI3KJOAFWIDSQN3LBLU6EOZMHH7T","error":{},"level":"error","message":"Failed to connect external wallet","timestamp":"2026-01-30T17:10:22.554Z","userId":"c150e185-4573-419a-b8ef-50988f64d20d"}
{"address":"GD275XUQFID3TPHVUQSKU3OJXIB5TI3KJOAFWIDSQN3LBLU6EOZMHH7T","error":{},"level":"error","message":"Failed to connect external wallet","timestamp":"2026-01-30T19:48:53.041Z","userId":"c150e185-4573-419a-b8ef-50988f64d20d"}
{"address":"GD275XUQFID3TPHVUQSKU3OJXIB5TI3KJOAFWIDSQN3LBLU6EOZMHH7T","error":{},"level":"error","message":"Failed to connect external wallet","timestamp":"2026-01-30T19:56:46.801Z","userId":"1ef9b8fb-b8fe-48f6-9226-15903ab1f25b"}
{"address":"GD275XUQFID3TPHVUQSKU3OJXIB5TI3KJOAFWIDSQN3LBLU6EOZMHH7T","error":{},"level":"error","message":"Failed to connect external wallet","timestamp":"2026-01-30T20:19:51.193Z","userId":"1ef9b8fb-b8fe-48f6-9226-15903ab1f25b"}
{"address":"GD275XUQFID3TPHVUQSKU3OJXIB5TI3KJOAFWIDSQN3LBLU6EOZMHH7T","error":{},"level":"error","message":"Failed to connect external wallet","timestamp":"2026-01-30T21:35:00.510Z","userId":"1ef9b8fb-b8fe-48f6-9226-15903ab1f25b"}
{"address":"GD275XUQFID3TPHVUQSKU3OJXIB5TI3KJOAFWIDSQN3LBLU6EOZMHH7T","level":"info","message":"External wallet connected","network":"TESTNET","timestamp":"2026-01-31T07:18:13.119Z","userId":"bfb8af09-878b-451b-b68a-fb176e519b12"}
{"address":"GD275XUQFID3TPHVUQSKU3OJXIB5TI3KJOAFWIDSQN3LBLU6EOZMHH7T","error":{},"level":"error","message":"Failed to connect external wallet","timestamp":"2026-02-13T12:16:33.959Z","userId":"f2f11cab-501d-4411-b885-3034bbfae8d1"}
{"address":"GD275XUQFID3TPHVUQSKU3OJXIB5TI3KJOAFWIDSQN3LBLU6EOZMHH7T","error":{},"level":"error","message":"Failed to connect external wallet","timestamp":"2026-02-24T06:30:21.567Z","userId":"f2f11cab-501d-4411-b885-3034bbfae8d1"}
{"address":"GD275XUQFID3TPHVUQSKU3OJXIB5TI3KJOAFWIDSQN3LBLU6EOZMHH7T","error":{},"level":"error","message":"Failed to connect external wallet","timestamp":"2026-02-24T06:31:32.279Z","userId":"f2f11cab-501d-4411-b885-3034bbfae8d1"}
{"address":"GD275XUQFID3TPHVUQSKU3OJXIB5TI3KJOAFWIDSQN3LBLU6EOZMHH7T","error":{},"level":"error","message":"Failed to connect external wallet","timestamp":"2026-02-24T11:51:29.782Z","userId":"f2f11cab-501d-4411-b885-3034bbfae8d1"}
{"address":"GD275XUQFID3TPHVUQSKU3OJXIB5TI3KJOAFWIDSQN3LBLU6EOZMHH7T","error":{},"level":"error","message":"Failed to connect external wallet","timestamp":"2026-02-24T12:08:26.911Z","userId":"f2f11cab-501d-4411-b885-3034bbfae8d1"}
{"address":"GD275XUQFID3TPHVUQSKU3OJXIB5TI3KJOAFWIDSQN3LBLU6EOZMHH7T","error":{"clientVersion":"7.3.0","code":"P2002","meta":{"driverAdapterError":{"cause":{"constraint":{"fields":["address"]},"kind":"UniqueConstraintViolation","originalCode":"23505","originalMessage":"duplicate key value violates unique constraint \"Wallet_address_key\""},"name":"DriverAdapterError"},"modelName":"Wallet"},"name":"PrismaClientKnownRequestError"},"level":"error","message":"Failed to connect external wallet","timestamp":"2026-02-25T06:45:59.629Z","userId":"7b3efd2d-412b-4b66-bb66-2bbb663158a0"}
{"address":"GD275XUQFID3TPHVUQSKU3OJXIB5TI3KJOAFWIDSQN3LBLU6EOZMHH7T","error":{"clientVersion":"7.3.0","code":"P2002","meta":{"driverAdapterError":{"cause":{"constraint":{"fields":["address"]},"kind":"UniqueConstraintViolation","originalCode":"23505","originalMessage":"duplicate key value violates unique constraint \"Wallet_address_key\""},"name":"DriverAdapterError"},"modelName":"Wallet"},"name":"PrismaClientKnownRequestError"},"level":"error","message":"Failed to connect external wallet","timestamp":"2026-02-25T06:47:54.293Z","userId":"7b3efd2d-412b-4b66-bb66-2bbb663158a0"}
{"address":"GD275XUQFID3TPHVUQSKU3OJXIB5TI3KJOAFWIDSQN3LBLU6EOZMHH7T","error":{"clientVersion":"7.3.0","code":"P2002","meta":{"driverAdapterError":{"cause":{"constraint":{"fields":["address"]},"kind":"UniqueConstraintViolation","originalCode":"23505","originalMessage":"duplicate key value violates unique constraint \"Wallet_address_key\""},"name":"DriverAdapterError"},"modelName":"Wallet"},"name":"PrismaClientKnownRequestError"},"level":"error","message":"Failed to connect external wallet","timestamp":"2026-02-25T06:48:15.080Z","userId":"7b3efd2d-412b-4b66-bb66-2bbb663158a0"}
{"address":"GD275XUQFID3TPHVUQSKU3OJXIB5TI3KJOAFWIDSQN3LBLU6EOZMHH7T","error":{},"level":"error","message":"Failed to connect external wallet","timestamp":"2026-02-25T07:28:12.893Z","userId":"7b3efd2d-412b-4b66-bb66-2bbb663158a0"}
{"address":"GD275XUQFID3TPHVUQSKU3OJXIB5TI3KJOAFWIDSQN3LBLU6EOZMHH7T","error":{},"level":"error","message":"Failed to connect external wallet","timestamp":"2026-02-25T07:35:28.563Z","userId":"7b3efd2d-412b-4b66-bb66-2bbb663158a0"}
{"address":"GD275XUQFID3TPHVUQSKU3OJXIB5TI3KJOAFWIDSQN3LBLU6EOZMHH7T","error":{},"level":"error","message":"Failed to connect external wallet","timestamp":"2026-02-25T07:35:33.682Z","userId":"7b3efd2d-412b-4b66-bb66-2bbb663158a0"}
{"address":"GD275XUQFID3TPHVUQSKU3OJXIB5TI3KJOAFWIDSQN3LBLU6EOZMHH7T","error":{},"level":"error","message":"Failed to connect external wallet","timestamp":"2026-02-25T07:35:40.050Z","userId":"7b3efd2d-412b-4b66-bb66-2bbb663158a0"}
{"address":"GD275XUQFID3TPHVUQSKU3OJXIB5TI3KJOAFWIDSQN3LBLU6EOZMHH7T","error":{},"level":"error","message":"Failed to connect external wallet","timestamp":"2026-02-25T07:35:43.842Z","userId":"7b3efd2d-412b-4b66-bb66-2bbb663158a0"}
{"address":"GD275XUQFID3TPHVUQSKU3OJXIB5TI3KJOAFWIDSQN3LBLU6EOZMHH7T","level":"warn","message":"Releasing address from old account to re-link","newUserId":"7b3efd2d-412b-4b66-bb66-2bbb663158a0","oldUserId":"bfb8af09-878b-451b-b68a-fb176e519b12","timestamp":"2026-02-25T07:37:07.811Z"}
{"address":"GD275XUQFID3TPHVUQSKU3OJXIB5TI3KJOAFWIDSQN3LBLU6EOZMHH7T","level":"info","message":"External wallet connected","network":"TESTNET","timestamp":"2026-02-25T07:37:07.886Z","userId":"7b3efd2d-412b-4b66-bb66-2bbb663158a0"}
{"address":"GD275XUQFID3TPHVUQSKU3OJXIB5TI3KJOAFWIDSQN3LBLU6EOZMHH7T","level":"info","message":"External wallet connected","network":"TESTNET","timestamp":"2026-02-26T05:55:46.755Z","userId":"7b3efd2d-412b-4b66-bb66-2bbb663158a0"}
{"address":"GD275XUQFID3TPHVUQSKU3OJXIB5TI3KJOAFWIDSQN3LBLU6EOZMHH7T","level":"info","message":"External wallet connected","network":"TESTNET","timestamp":"2026-02-28T06:09:45.769Z","userId":"7b3efd2d-412b-4b66-bb66-2bbb663158a0"}
{"address":"GD275XUQFID3TPHVUQSKU3OJXIB5TI3KJOAFWIDSQN3LBLU6EOZMHH7T","level":"info","message":"External wallet connected","network":"TESTNET","timestamp":"2026-02-28T17:26:59.414Z","userId":"7b3efd2d-412b-4b66-bb66-2bbb663158a0"}
{"address":"GD275XUQFID3TPHVUQSKU3OJXIB5TI3KJOAFWIDSQN3LBLU6EOZMHH7T","level":"info","message":"External wallet connected","network":"TESTNET","timestamp":"2026-03-01T05:07:52.424Z","userId":"7b3efd2d-412b-4b66-bb66-2bbb663158a0"}
{"address":"GD275XUQFID3TPHVUQSKU3OJXIB5TI3KJOAFWIDSQN3LBLU6EOZMHH7T","level":"info","message":"External wallet connected","network":"TESTNET","timestamp":"2026-03-01T12:34:21.937Z","userId":"7b3efd2d-412b-4b66-bb66-2bbb663158a0"}
{"address":"GD275XUQFID3TPHVUQSKU3OJXIB5TI3KJOAFWIDSQN3LBLU6EOZMHH7T","level":"info","message":"External wallet connected","network":"TESTNET","timestamp":"2026-03-01T16:45:07.167Z","userId":"7b3efd2d-412b-4b66-bb66-2bbb663158a0"}
{"address":"GD275XUQFID3TPHVUQSKU3OJXIB5TI3KJOAFWIDSQN3LBLU6EOZMHH7T","level":"info","message":"External wallet connected","network":"TESTNET","timestamp":"2026-03-02T05:50:28.712Z","userId":"7b3efd2d-412b-4b66-bb66-2bbb663158a0"}
{"address":"GD275XUQFID3TPHVUQSKU3OJXIB5TI3KJOAFWIDSQN3LBLU6EOZMHH7T","level":"info","message":"External wallet connected","network":"TESTNET","timestamp":"2026-03-03T03:40:28.392Z","userId":"7b3efd2d-412b-4b66-bb66-2bbb663158a0"}
{"address":"GD275XUQFID3TPHVUQSKU3OJXIB5TI3KJOAFWIDSQN3LBLU6EOZMHH7T","level":"warn","message":"Releasing address from old account to re-link","newUserId":"bfb8af09-878b-451b-b68a-fb176e519b12","oldUserId":"7b3efd2d-412b-4b66-bb66-2bbb663158a0","timestamp":"2026-03-03T11:54:49.076Z"}
{"address":"GD275XUQFID3TPHVUQSKU3OJXIB5TI3KJOAFWIDSQN3LBLU6EOZMHH7T","error":{"cause":{"code":"23001","detail":"Key (id)=(874f0063-daba-47cc-be22-669805f30076) is referenced from table \"DSTMint\".","kind":"postgres","message":"update or delete on table \"Wallet\" violates RESTRICT setting of foreign key constraint \"DSTMint_walletId_fkey\" on table \"DSTMint\"","originalCode":"23001","originalMessage":"update or delete on table \"Wallet\" violates RESTRICT setting of foreign key constraint \"DSTMint_walletId_fkey\" on table \"DSTMint\"","severity":"ERROR"},"clientVersion":"7.3.0","name":"DriverAdapterError"},"level":"error","message":"Failed to connect external wallet","timestamp":"2026-03-03T11:54:49.211Z","userId":"bfb8af09-878b-451b-b68a-fb176e519b12"}
{"address":"GD275XUQFID3TPHVUQSKU3OJXIB5TI3KJOAFWIDSQN3LBLU6EOZMHH7T","level":"warn","message":"Releasing address from old account to re-link","newUserId":"bfb8af09-878b-451b-b68a-fb176e519b12","oldUserId":"7b3efd2d-412b-4b66-bb66-2bbb663158a0","timestamp":"2026-03-03T11:58:09.286Z"}
{"address":"GD275XUQFID3TPHVUQSKU3OJXIB5TI3KJOAFWIDSQN3LBLU6EOZMHH7T","error":{"cause":{"code":"23001","detail":"Key (id)=(874f0063-daba-47cc-be22-669805f30076) is referenced from table \"DSTMint\".","kind":"postgres","message":"update or delete on table \"Wallet\" violates RESTRICT setting of foreign key constraint \"DSTMint_walletId_fkey\" on table \"DSTMint\"","originalCode":"23001","originalMessage":"update or delete on table \"Wallet\" violates RESTRICT setting of foreign key constraint \"DSTMint_walletId_fkey\" on table \"DSTMint\"","severity":"ERROR"},"clientVersion":"7.3.0","name":"DriverAdapterError"},"level":"error","message":"Failed to connect external wallet","timestamp":"2026-03-03T11:58:09.296Z","userId":"bfb8af09-878b-451b-b68a-fb176e519b12"}
